<?xml version="1.0" encoding="UTF-8"?>
<!-- Generated by org.testng.reporters.JUnitXMLReporter -->
<testsuite ignored="0" hostname="LAPTOP-LMSKPNVQ" failures="0" tests="2" name="Default test" time="31.888" errors="0" timestamp="29 Jun 2020 08:30:07 GMT">
  <testcase classname="com.herokuapp.theinternet.NegetiveTest" name="incorrectpasswordTest" time="14.953"/>
  <testcase classname="com.herokuapp.theinternet.NegetiveTest" name="incorrectusernameTest" time="16.872"/>
</testsuite> <!-- Default test -->
