<?xml version="1.0" encoding="UTF-8"?>
<!-- Generated by org.testng.reporters.JUnitXMLReporter -->
<testsuite ignored="1" hostname="LAPTOP-LMSKPNVQ" failures="0" tests="1" name="NegetiveTest" time="10.845" errors="0" timestamp="30 Jun 2020 13:23:43 GMT">
  <testcase classname="com.herokuapp.theinternet.NegetiveTest" name="incorrectpasswordTest" time="10.809"/>
  <testcase classname="com.herokuapp.theinternet.NegetiveTest" name="incorrectusernameTest" time="0.0">
    <ignored/>
  </testcase> <!-- incorrectusernameTest -->
</testsuite> <!-- NegetiveTest -->
