<?xml version="1.0" encoding="UTF-8"?>
<!-- Generated by org.testng.reporters.JUnitXMLReporter -->
<testsuite ignored="1" hostname="LAPTOP-LMSKPNVQ" failures="0" tests="1" name="NegetivePasswordTest" time="13.328" errors="0" timestamp="30 Jun 2020 19:45:35 GMT">
  <testcase classname="com.herokuapp.theinternet.LoginTests" name="negetiveLoginTest" time="13.323"/>
  <testcase classname="com.herokuapp.theinternet.LoginTests" name="loginTest" time="0.0">
    <ignored/>
  </testcase> <!-- loginTest -->
</testsuite> <!-- NegetivePasswordTest -->
