<?xml version="1.0" encoding="UTF-8"?>
<!-- Generated by org.testng.reporters.JUnitXMLReporter -->
<testsuite ignored="1" hostname="LAPTOP-LMSKPNVQ" failures="0" tests="1" name="PositiveTests" time="17.045" errors="0" timestamp="30 Jun 2020 19:45:07 GMT">
  <testcase classname="com.herokuapp.theinternet.LoginTests" name="loginTest" time="17.023"/>
  <testcase classname="com.herokuapp.theinternet.LoginTests" name="negetiveLoginTest" time="0.0">
    <ignored/>
  </testcase> <!-- negetiveLoginTest -->
</testsuite> <!-- PositiveTests -->
