<?xml version="1.0" encoding="UTF-8"?>
<!-- Generated by org.testng.reporters.JUnitXMLReporter -->
<testsuite ignored="0" hostname="LAPTOP-LMSKPNVQ" failures="0" tests="2" name="NegetiveTest" time="31.037" errors="0" timestamp="29 Jun 2020 18:33:42 GMT">
  <testcase classname="com.herokuapp.theinternet.NegetiveTest" name="incorrectpasswordTest" time="17.333"/>
  <testcase classname="com.herokuapp.theinternet.NegetiveTest" name="incorrectusernameTest" time="13.695"/>
</testsuite> <!-- NegetiveTest -->
