<?xml version="1.0" encoding="UTF-8"?>
<testsuite xmlns:xsi="http://www.w3.org/2001/XMLSchema-instance" xsi:noNamespaceSchemaLocation="https://maven.apache.org/surefire/maven-surefire-plugin/xsd/surefire-test-report-3.0.xsd" version="3.0" name="TestSuite" time="45.204" tests="3" errors="0" skipped="0" failures="0">
  <properties>
[...]
</properties>
  <testcase name="loginTest" classname="com.herokuapp.theinternet.PositiveTests" time="17.051"/>
  <testcase name="incorrectpasswordTest" classname="com.herokuapp.theinternet.NegetiveTest" time="11.528"/>
  <testcase name="incorrectusernameTest" classname="com.herokuapp.theinternet.NegetiveTest" time="14.746"/>
</testsuite>