<?xml version="1.0" encoding="UTF-8"?>
<testng-results ignored="0" total="3" passed="3" failed="0" skipped="0">
  <reporter-output>
  </reporter-output>
  <suite started-at="2020-06-30T13:19:36Z" name="AllTests" finished-at="2020-06-30T13:20:20Z" duration-ms="43385">
    <groups>
      <group name="negetivetests">
        <method signature="NegetiveTest.incorrectpasswordTest()[pri:1, instance:com.herokuapp.theinternet.NegetiveTest@3224a577]" name="incorrectpasswordTest" class="com.herokuapp.theinternet.NegetiveTest"/>
        <method signature="NegetiveTest.incorrectusernameTest()[pri:2, instance:com.herokuapp.theinternet.NegetiveTest@3224a577]" name="incorrectusernameTest" class="com.herokuapp.theinternet.NegetiveTest"/>
      </group> <!-- negetivetests -->
      <group name="smoketest">
        <method signature="NegetiveTest.incorrectusernameTest()[pri:2, instance:com.herokuapp.theinternet.NegetiveTest@3224a577]" name="incorrectusernameTest" class="com.herokuapp.theinternet.NegetiveTest"/>
      </group> <!-- smoketest -->
    </groups>
    <test started-at="2020-06-30T13:19:36Z" name="PositiveTests" finished-at="2020-06-30T13:19:54Z" duration-ms="17064">
      <class name="com.herokuapp.theinternet.PositiveTests">
        <test-method signature="loginTest()[pri:0, instance:com.herokuapp.theinternet.PositiveTests@2bec854f]" started-at="2020-06-30T13:19:37Z" name="loginTest" finished-at="2020-06-30T13:19:54Z" duration-ms="17047" status="PASS">
          <reporter-output>
          </reporter-output>
        </test-method> <!-- loginTest -->
      </class> <!-- com.herokuapp.theinternet.PositiveTests -->
    </test> <!-- PositiveTests -->
    <test started-at="2020-06-30T13:19:54Z" name="NegetiveTest" finished-at="2020-06-30T13:20:20Z" duration-ms="26276">
      <class name="com.herokuapp.theinternet.NegetiveTest">
        <test-method signature="incorrectpasswordTest()[pri:1, instance:com.herokuapp.theinternet.NegetiveTest@3224a577]" started-at="2020-06-30T13:19:54Z" name="incorrectpasswordTest" finished-at="2020-06-30T13:20:05Z" duration-ms="11526" status="PASS">
          <reporter-output>
          </reporter-output>
        </test-method> <!-- incorrectpasswordTest -->
        <test-method signature="incorrectusernameTest()[pri:2, instance:com.herokuapp.theinternet.NegetiveTest@3224a577]" started-at="2020-06-30T13:20:05Z" name="incorrectusernameTest" finished-at="2020-06-30T13:20:20Z" duration-ms="14746" status="PASS">
          <reporter-output>
          </reporter-output>
        </test-method> <!-- incorrectusernameTest -->
      </class> <!-- com.herokuapp.theinternet.NegetiveTest -->
    </test> <!-- NegetiveTest -->
  </suite> <!-- AllTests -->
</testng-results>
