<?xml version="1.0" encoding="UTF-8"?>
<!-- Generated by org.testng.reporters.JUnitXMLReporter -->
<testsuite ignored="0" hostname="LAPTOP-LMSKPNVQ" failures="0" tests="2" name="NegetiveTest" time="26.276" errors="0" timestamp="30 Jun 2020 13:20:20 GMT">
  <testcase classname="com.herokuapp.theinternet.NegetiveTest" name="incorrectpasswordTest" time="11.526"/>
  <testcase classname="com.herokuapp.theinternet.NegetiveTest" name="incorrectusernameTest" time="14.746"/>
</testsuite> <!-- NegetiveTest -->
